{"name": "Принятие заказа без id курьера", "status": "failed", "statusDetails": {"message": "AssertionError: assert (404 == 400)\n +  where 404 = <Response [404]>.status_code", "trace": "self = <tests.test_accept_order.TestAcceptOrder object at 0x000002A5EE87A5D0>, create_order = 323002\n\n    @allure.title('Принятие заказа без id курьера')\n    def test_accept_order_no_courier_id(self, create_order):\n        order_helper = OrderApiHelper()\n        order_id = create_order\n        response = order_helper.accept_order(order_id, '')\n>       assert response.status_code == 400 and response.json() == Responses.CODE_400_ACCEPT_ORDER\nE       assert (404 == 400)\nE        +  where 404 = <Response [404]>.status_code\n\ntests\\test_accept_order.py:20: AssertionError"}, "steps": [{"name": "Принятие заказа.", "status": "passed", "parameters": [{"name": "track_order", "value": "323002"}, {"name": "courier_id", "value": "''"}], "start": 1741248870467, "stop": 1741248870496}], "start": 1741248870467, "stop": 1741248870496, "uuid": "55e9a6f3-2df0-4664-85de-f4c50ebf51ae", "historyId": "90ccb434c1019c453c66930d74fa4a37", "testCaseId": "90ccb434c1019c453c66930d74fa4a37", "fullName": "tests.test_accept_order.TestAcceptOrder#test_accept_order_no_courier_id", "labels": [{"name": "parentSuite", "value": "tests"}, {"name": "suite", "value": "test_accept_order"}, {"name": "subSuite", "value": "TestAcceptOrder"}, {"name": "host", "value": "WIN-6VUIOUF6MH9"}, {"name": "thread", "value": "6644-MainThread"}, {"name": "framework", "value": "pytest"}, {"name": "language", "value": "cpython3"}, {"name": "package", "value": "tests.test_accept_order"}]}