{"name": "Принятие заказа курьером", "status": "failed", "statusDetails": {"message": "AssertionError: assert (404 == 200)\n +  where 404 = <Response [404]>.status_code", "trace": "self = <tests.test_accept_order.TestAcceptOrder object at 0x000002A5EE87A210>, login_courier = 480177, create_order = 284767\n\n    @allure.title('Принятие заказа курьером')\n    def test_accept_order(self, login_courier, create_order):\n        order_helper = OrderApiHelper()\n        courier_id = login_courier\n        order_id = create_order\n        response = order_helper.accept_order(order_id, courier_id)\n>       assert response.status_code == 200 and response.json() == {'ok': True}\nE       assert (404 == 200)\nE        +  where 404 = <Response [404]>.status_code\n\ntests\\test_accept_order.py:13: AssertionError"}, "steps": [{"name": "Принятие заказа.", "status": "passed", "parameters": [{"name": "track_order", "value": "284767"}, {"name": "courier_id", "value": "480177"}], "start": 1741248870252, "stop": 1741248870271}], "start": 1741248870251, "stop": 1741248870272, "uuid": "12293124-e91e-419f-94a8-32c8719fe7a6", "historyId": "7c4c074b300d01b160a3b9300cc2cdee", "testCaseId": "7c4c074b300d01b160a3b9300cc2cdee", "fullName": "tests.test_accept_order.TestAcceptOrder#test_accept_order", "labels": [{"name": "parentSuite", "value": "tests"}, {"name": "suite", "value": "test_accept_order"}, {"name": "subSuite", "value": "TestAcceptOrder"}, {"name": "host", "value": "WIN-6VUIOUF6MH9"}, {"name": "thread", "value": "6644-MainThread"}, {"name": "framework", "value": "pytest"}, {"name": "language", "value": "cpython3"}, {"name": "package", "value": "tests.test_accept_order"}]}